This file contains any messages produced by compilers while
running configure, to aid debugging if configure makes a mistake.

It was created by configure, which was
generated by GNU Autoconf 2.69.  Invocation command line was

  $ ./configure --no-create --no-recursion

## --------- ##
## Platform. ##
## --------- ##

hostname = jupyter-x-69439ff1-9950-4--nv-3091-r-2378---5d2dc716
uname -m = x86_64
uname -r = 6.6.87+
uname -s = Linux
uname -v = #1 SMP PREEMPT_DYNAMIC Sat Jun 14 09:06:17 UTC 2025

/usr/bin/uname -p = x86_64
/bin/uname -X     = unknown

/bin/arch              = x86_64
/usr/bin/arch -k       = unknown
/usr/convex/getsysinfo = unknown
/usr/bin/hostinfo      = unknown
/bin/machine           = unknown
/usr/bin/oslevel       = unknown
/bin/universe          = unknown

PATH: /opt/conda/bin
PATH: /opt/conda/condabin
PATH: /opt/conda/bin
PATH: /usr/local/sbin
PATH: /usr/local/bin
PATH: /usr/sbin
PATH: /usr/bin
PATH: /sbin
PATH: /bin
PATH: /usr/local/nvidia/bin


## ----------- ##
## Core tests. ##
## ----------- ##

configure:1754: checking for a BSD-compatible install
configure:1822: result: /usr/bin/install -c
configure:1833: checking whether build environment is sane
configure:1883: result: yes
configure:2024: checking for a thread-safe mkdir -p
configure:2063: result: /usr/bin/mkdir -p
configure:2076: checking for gawk
configure:2106: result: no
configure:2076: checking for mawk
configure:2092: found /usr/bin/mawk
configure:2103: result: mawk
configure:2114: checking whether make sets $(MAKE)
configure:2136: result: yes
configure:2242: checking for mecab-config
configure:2275: result: no
configure:2290: error: mecab-config is not found in your system

## ---------------- ##
## Cache variables. ##
## ---------------- ##

ac_cv_env_build_alias_set=
ac_cv_env_build_alias_value=
ac_cv_env_host_alias_set=
ac_cv_env_host_alias_value=
ac_cv_env_target_alias_set=
ac_cv_env_target_alias_value=
ac_cv_path_install='/usr/bin/install -c'
ac_cv_path_mkdir=/usr/bin/mkdir
ac_cv_prog_AWK=mawk
ac_cv_prog_make_make_set=yes

## ----------------- ##
## Output variables. ##
## ----------------- ##

ACLOCAL='${SHELL} /home/jovyan/work/workplace/AIFFEL_quest_rs/Exploration/Quest05/Mecab-ko-for-Google-Colab/mecab-ko-dic-2.1.1-20180720/missing --run aclocal-1.11'
AMTAR='$${TAR-tar}'
AUTOCONF='${SHELL} /home/jovyan/work/workplace/AIFFEL_quest_rs/Exploration/Quest05/Mecab-ko-for-Google-Colab/mecab-ko-dic-2.1.1-20180720/missing --run autoconf'
AUTOHEADER='${SHELL} /home/jovyan/work/workplace/AIFFEL_quest_rs/Exploration/Quest05/Mecab-ko-for-Google-Colab/mecab-ko-dic-2.1.1-20180720/missing --run autoheader'
AUTOMAKE='${SHELL} /home/jovyan/work/workplace/AIFFEL_quest_rs/Exploration/Quest05/Mecab-ko-for-Google-Colab/mecab-ko-dic-2.1.1-20180720/missing --run automake-1.11'
AWK='mawk'
CHARSET=''
CYGPATH_W='echo'
DEFS=''
ECHO_C=''
ECHO_N='-n'
ECHO_T=''
INSTALL_DATA='${INSTALL} -m 644'
INSTALL_PROGRAM='${INSTALL}'
INSTALL_SCRIPT='${INSTALL}'
INSTALL_STRIP_PROGRAM='$(install_sh) -c -s'
LIBOBJS=''
LIBS=''
LTLIBOBJS=''
MAKEINFO='${SHELL} /home/jovyan/work/workplace/AIFFEL_quest_rs/Exploration/Quest05/Mecab-ko-for-Google-Colab/mecab-ko-dic-2.1.1-20180720/missing --run makeinfo'
MECAB_CONFIG='no'
MECAB_DICDIR='no'
MECAB_DICT_INDEX=''
MECAB_GENDATA=''
MECAB_LEXICAL_DIC=''
MECAB_MECABRC=''
MECAB_PREDATA=''
MKDIR_P='/usr/bin/mkdir -p'
PACKAGE='mecab-ko-dic'
PACKAGE_BUGREPORT=''
PACKAGE_NAME=''
PACKAGE_STRING=''
PACKAGE_TARNAME=''
PACKAGE_URL=''
PACKAGE_VERSION=''
PATH_SEPARATOR=':'
SET_MAKE=''
SHELL='/bin/bash'
STRIP=''
VERSION='2.0.0'
am__isrc=''
am__leading_dot='.'
am__tar='$${TAR-tar} chof - "$$tardir"'
am__untar='$${TAR-tar} xf -'
bindir='${exec_prefix}/bin'
build_alias=''
datadir='${datarootdir}'
datarootdir='${prefix}/share'
docdir='${datarootdir}/doc/${PACKAGE}'
dvidir='${docdir}'
exec_prefix='NONE'
host_alias=''
htmldir='${docdir}'
includedir='${prefix}/include'
infodir='${datarootdir}/info'
install_sh='${SHELL} /home/jovyan/work/workplace/AIFFEL_quest_rs/Exploration/Quest05/Mecab-ko-for-Google-Colab/mecab-ko-dic-2.1.1-20180720/install-sh'
libdir='${exec_prefix}/lib'
libexecdir='${exec_prefix}/libexec'
localedir='${datarootdir}/locale'
localstatedir='${prefix}/var'
mandir='${datarootdir}/man'
mkdir_p='/usr/bin/mkdir -p'
oldincludedir='/usr/include'
pdfdir='${docdir}'
prefix='NONE'
program_transform_name='s,x,x,'
psdir='${docdir}'
sbindir='${exec_prefix}/sbin'
sharedstatedir='${prefix}/com'
sysconfdir='${prefix}/etc'
target_alias=''

## ----------- ##
## confdefs.h. ##
## ----------- ##

/* confdefs.h */
#define PACKAGE_NAME ""
#define PACKAGE_TARNAME ""
#define PACKAGE_VERSION ""
#define PACKAGE_STRING ""
#define PACKAGE_BUGREPORT ""
#define PACKAGE_URL ""
#define PACKAGE "mecab-ko-dic"
#define VERSION "2.0.0"

configure: exit 1
